11:42:17 DEBUG : Logs will be stored at '/home/sergi/Desktop/zynq_esencial/lab05/lab05vitis/IDE.log'.
11:42:18 INFO  : Launching XSCT server: xsct -n  -interactive /home/sergi/Desktop/zynq_esencial/lab05/lab05vitis/temp_xsdb_launch_script.tcl
11:42:18 INFO  : Platform repository initialization has completed.
11:42:18 INFO  : Registering command handlers for Vitis TCF services
11:42:19 INFO  : XSCT server has started successfully.
11:42:19 INFO  : Successfully done setting XSCT server connection channel  
11:42:19 INFO  : Successfully done query RDI_DATADIR 
11:42:19 INFO  : Successfully done setting workspace for the tool. 
11:42:20 INFO  : plnx-install-location is set to ''
11:43:35 INFO  : Result from executing command 'getProjects': lab05_platform
11:43:35 INFO  : Result from executing command 'getPlatforms': 
11:45:18 INFO  : Result from executing command 'getProjects': lab05_platform
11:45:18 INFO  : Result from executing command 'getPlatforms': lab05_platform|/home/sergi/Desktop/zynq_esencial/lab05/lab05vitis/lab05_platform/export/lab05_platform/lab05_platform.xpfm
11:45:21 INFO  : Checking for BSP changes to sync application flags for project 'hellow_world'...
11:45:28 ERROR : (XSDB Server)readelf: Error: '/home/sergi/Desktop/zynq_esencial/lab05/lab05vitis/lab05_platform/export/lab05_platform/sw/fsbl.elf': No such file

12:09:05 INFO  : Checking for BSP changes to sync application flags for project 'hellow_world'...
12:09:07 ERROR : (XSDB Server)readelf: Error: '/home/sergi/Desktop/zynq_esencial/lab05/lab05vitis/lab05_platform/export/lab05_platform/sw/fsbl.elf': No such file

14:20:31 DEBUG : Logs will be stored at '/home/sergi/Desktop/zynq_esencial/lab05/lab05vitis/IDE.log'.
14:20:31 INFO  : Launching XSCT server: xsct -n  -interactive /home/sergi/Desktop/zynq_esencial/lab05/lab05vitis/temp_xsdb_launch_script.tcl
14:20:32 INFO  : Platform repository initialization has completed.
14:20:32 INFO  : XSCT server has started successfully.
14:20:32 INFO  : Successfully done setting XSCT server connection channel  
14:20:32 INFO  : plnx-install-location is set to ''
14:20:32 INFO  : Successfully done setting workspace for the tool. 
14:20:32 INFO  : Successfully done query RDI_DATADIR 
14:20:32 INFO  : Registering command handlers for Vitis TCF services
14:21:23 INFO  : XRT server has started successfully on port '4353'
14:21:23 INFO  : Connected to target on host '127.0.0.1' and port '3121'.
14:21:23 INFO  : Jtag cable 'Digilent JTAG-HS3 210299B93AA5' is selected.
14:21:23 INFO  : 'jtag frequency' command is executed.
14:21:23 INFO  : Sourcing of '/tools/Xilinx/Vitis/2022.2/scripts/vitis/util/zynqmp_utils.tcl' is done.
14:21:23 INFO  : Context for 'APU' is selected.
14:21:23 INFO  : System reset is completed.
14:21:26 INFO  : 'after 3000' command is executed.
14:21:26 INFO  : 'targets -set -filter {jtag_cable_name =~ "Digilent JTAG-HS3 210299B93AA5" && level==0 && jtag_device_ctx=="jsn-JTAG-HS3-210299B93AA5-147fb093-0"}' command is executed.
14:21:46 INFO  : Device configured successfully with "/home/sergi/Desktop/zynq_esencial/lab05/lab05vitis/hellow_world/_ide/bitstream/lab03_vivado_bd_wrapper.bit"
14:21:46 INFO  : Context for 'APU' is selected.
14:21:46 INFO  : Hardware design and registers information is loaded from '/home/sergi/Desktop/zynq_esencial/lab05/lab05vitis/lab05_platform/export/lab05_platform/hw/lab03_vivado_bd_wrapper.xsa'.
14:21:46 INFO  : 'configparams force-mem-access 1' command is executed.
14:21:46 INFO  : Context for 'APU' is selected.
14:21:46 INFO  : Boot mode is read from the target.
14:21:46 INFO  : Context for processor 'psu_cortexa53_0' is selected.
14:21:46 INFO  : Processor reset is completed for 'psu_cortexa53_0'.
14:21:47 INFO  : The application '/home/sergi/Desktop/zynq_esencial/lab05/lab05vitis/lab05_platform/export/lab05_platform/sw/lab05_platform/boot/fsbl.elf' is downloaded to processor 'psu_cortexa53_0'.
14:21:47 INFO  : 'set bp_21_47_fsbl_bp [bpadd -addr &XFsbl_Exit]' command is executed.
14:21:49 INFO  : 'con -block -timeout 60' command is executed.
14:21:49 INFO  : 'bpremove $bp_21_47_fsbl_bp' command is executed.
14:21:49 INFO  : Context for processor 'psu_cortexa53_0' is selected.
14:21:49 INFO  : Processor reset is completed for 'psu_cortexa53_0'.
14:21:49 INFO  : The application '/home/sergi/Desktop/zynq_esencial/lab05/lab05vitis/hellow_world/Debug/hellow_world.elf' is downloaded to processor 'psu_cortexa53_0'.
14:21:49 INFO  : 'configparams force-mem-access 0' command is executed.
14:21:49 INFO  : ----------------XSDB Script----------------
connect -url tcp:127.0.0.1:3121
source /tools/Xilinx/Vitis/2022.2/scripts/vitis/util/zynqmp_utils.tcl
targets -set -nocase -filter {name =~"APU*"}
rst -system
after 3000
targets -set -filter {jtag_cable_name =~ "Digilent JTAG-HS3 210299B93AA5" && level==0 && jtag_device_ctx=="jsn-JTAG-HS3-210299B93AA5-147fb093-0"}
fpga -file /home/sergi/Desktop/zynq_esencial/lab05/lab05vitis/hellow_world/_ide/bitstream/lab03_vivado_bd_wrapper.bit
targets -set -nocase -filter {name =~"APU*"}
loadhw -hw /home/sergi/Desktop/zynq_esencial/lab05/lab05vitis/lab05_platform/export/lab05_platform/hw/lab03_vivado_bd_wrapper.xsa -mem-ranges [list {0x80000000 0xbfffffff} {0x400000000 0x5ffffffff} {0x1000000000 0x7fffffffff}] -regs
configparams force-mem-access 1
targets -set -nocase -filter {name =~"APU*"}
set mode [expr [mrd -value 0xFF5E0200] & 0xf]
targets -set -nocase -filter {name =~ "*A53*#0"}
rst -processor
dow /home/sergi/Desktop/zynq_esencial/lab05/lab05vitis/lab05_platform/export/lab05_platform/sw/lab05_platform/boot/fsbl.elf
set bp_21_47_fsbl_bp [bpadd -addr &XFsbl_Exit]
con -block -timeout 60
bpremove $bp_21_47_fsbl_bp
targets -set -nocase -filter {name =~ "*A53*#0"}
rst -processor
dow /home/sergi/Desktop/zynq_esencial/lab05/lab05vitis/hellow_world/Debug/hellow_world.elf
configparams force-mem-access 0
----------------End of Script----------------

14:21:49 INFO  : Context for processor 'psu_cortexa53_0' is selected.
14:21:49 INFO  : 'con' command is executed.
14:21:49 INFO  : ----------------XSDB Script (After Launch)----------------
targets -set -nocase -filter {name =~ "*A53*#0"}
con
----------------End of Script----------------

14:21:49 INFO  : Launch script is exported to file '/home/sergi/Desktop/zynq_esencial/lab05/lab05vitis/hellow_world_system/_ide/scripts/systemdebugger_hellow_world_system_standalone.tcl'
14:23:41 INFO  : Disconnected from the channel tcfchan#1.
14:36:24 INFO  : Connected to target on host '127.0.0.1' and port '3121'.
14:36:24 INFO  : Jtag cable 'Digilent JTAG-HS3 210299B93AA5' is selected.
14:36:24 INFO  : 'jtag frequency' command is executed.
14:36:24 INFO  : Sourcing of '/tools/Xilinx/Vitis/2022.2/scripts/vitis/util/zynqmp_utils.tcl' is done.
14:36:24 INFO  : Context for 'APU' is selected.
14:36:24 INFO  : System reset is completed.
14:36:27 INFO  : 'after 3000' command is executed.
14:36:27 INFO  : 'targets -set -filter {jtag_cable_name =~ "Digilent JTAG-HS3 210299B93AA5" && level==0 && jtag_device_ctx=="jsn-JTAG-HS3-210299B93AA5-147fb093-0"}' command is executed.
14:36:47 INFO  : Device configured successfully with "/home/sergi/Desktop/zynq_esencial/lab05/lab05vitis/hellow_world/_ide/bitstream/lab03_vivado_bd_wrapper.bit"
14:36:47 INFO  : Context for 'APU' is selected.
14:36:50 INFO  : Hardware design and registers information is loaded from '/home/sergi/Desktop/zynq_esencial/lab05/lab05vitis/lab05_platform/export/lab05_platform/hw/lab03_vivado_bd_wrapper.xsa'.
14:36:50 INFO  : 'configparams force-mem-access 1' command is executed.
14:36:50 INFO  : Context for 'APU' is selected.
14:36:50 INFO  : Boot mode is read from the target.
14:36:50 INFO  : Context for processor 'psu_cortexa53_0' is selected.
14:36:50 INFO  : Processor reset is completed for 'psu_cortexa53_0'.
14:36:51 INFO  : The application '/home/sergi/Desktop/zynq_esencial/lab05/lab05vitis/lab05_platform/export/lab05_platform/sw/lab05_platform/boot/fsbl.elf' is downloaded to processor 'psu_cortexa53_0'.
14:36:51 INFO  : 'set bp_36_51_fsbl_bp [bpadd -addr &XFsbl_Exit]' command is executed.
14:36:53 INFO  : 'con -block -timeout 60' command is executed.
14:36:53 INFO  : 'bpremove $bp_36_51_fsbl_bp' command is executed.
14:36:53 INFO  : Context for processor 'psu_cortexa53_0' is selected.
14:36:53 INFO  : Processor reset is completed for 'psu_cortexa53_0'.
14:36:53 INFO  : The application '/home/sergi/Desktop/zynq_esencial/lab05/lab05vitis/hellow_world/Debug/hellow_world.elf' is downloaded to processor 'psu_cortexa53_0'.
14:36:53 INFO  : 'configparams force-mem-access 0' command is executed.
14:36:53 INFO  : ----------------XSDB Script----------------
connect -url tcp:127.0.0.1:3121
source /tools/Xilinx/Vitis/2022.2/scripts/vitis/util/zynqmp_utils.tcl
targets -set -nocase -filter {name =~"APU*"}
rst -system
after 3000
targets -set -filter {jtag_cable_name =~ "Digilent JTAG-HS3 210299B93AA5" && level==0 && jtag_device_ctx=="jsn-JTAG-HS3-210299B93AA5-147fb093-0"}
fpga -file /home/sergi/Desktop/zynq_esencial/lab05/lab05vitis/hellow_world/_ide/bitstream/lab03_vivado_bd_wrapper.bit
targets -set -nocase -filter {name =~"APU*"}
loadhw -hw /home/sergi/Desktop/zynq_esencial/lab05/lab05vitis/lab05_platform/export/lab05_platform/hw/lab03_vivado_bd_wrapper.xsa -mem-ranges [list {0x80000000 0xbfffffff} {0x400000000 0x5ffffffff} {0x1000000000 0x7fffffffff}] -regs
configparams force-mem-access 1
targets -set -nocase -filter {name =~"APU*"}
set mode [expr [mrd -value 0xFF5E0200] & 0xf]
targets -set -nocase -filter {name =~ "*A53*#0"}
rst -processor
dow /home/sergi/Desktop/zynq_esencial/lab05/lab05vitis/lab05_platform/export/lab05_platform/sw/lab05_platform/boot/fsbl.elf
set bp_36_51_fsbl_bp [bpadd -addr &XFsbl_Exit]
con -block -timeout 60
bpremove $bp_36_51_fsbl_bp
targets -set -nocase -filter {name =~ "*A53*#0"}
rst -processor
dow /home/sergi/Desktop/zynq_esencial/lab05/lab05vitis/hellow_world/Debug/hellow_world.elf
configparams force-mem-access 0
----------------End of Script----------------

14:36:53 INFO  : Context for processor 'psu_cortexa53_0' is selected.
14:36:53 INFO  : 'con' command is executed.
14:36:53 INFO  : ----------------XSDB Script (After Launch)----------------
targets -set -nocase -filter {name =~ "*A53*#0"}
con
----------------End of Script----------------

14:36:53 INFO  : Launch script is exported to file '/home/sergi/Desktop/zynq_esencial/lab05/lab05vitis/hellow_world_system/_ide/scripts/systemdebugger_hellow_world_system_standalone.tcl'
14:38:34 INFO  : Disconnected from the channel tcfchan#2.
14:49:06 INFO  : No changes in MSS file content so sources will not be generated.
14:49:32 INFO  : Result from executing command 'getProjects': lab05_platform
14:49:32 INFO  : Result from executing command 'getPlatforms': lab05_platform|/home/sergi/Desktop/zynq_esencial/lab05/lab05vitis/lab05_platform/export/lab05_platform/lab05_platform.xpfm
14:49:48 INFO  : Checking for BSP changes to sync application flags for project 'hellow_world'...
14:49:48 WARN  : Failed to closehw "/home/sergi/Desktop/zynq_esencial/lab05/lab05vitis/lab05_platform/export/lab05_platform/hw/lab03_vivado_bd_wrapper.xsa"
Reason: Cannot close hw design '/home/sergi/Desktop/zynq_esencial/lab05/lab05vitis/lab05_platform/export/lab05_platform/hw/lab03_vivado_bd_wrapper.xsa'.
Design is not opened in the current session.

14:49:52 INFO  : Updating application flags with new BSP settings...
14:49:53 INFO  : Successfully updated application flags for project hellow_world.
14:49:55 ERROR : (XSDB Server)readelf: Error: '/home/sergi/Desktop/zynq_esencial/lab05/lab05vitis/lab05_platform/export/lab05_platform/sw/fsbl.elf': No such file

14:50:11 INFO  : Connected to target on host '127.0.0.1' and port '3121'.
14:50:11 INFO  : Jtag cable 'Digilent JTAG-HS3 210299B93AA5' is selected.
14:50:11 INFO  : 'jtag frequency' command is executed.
14:50:11 INFO  : Sourcing of '/tools/Xilinx/Vitis/2022.2/scripts/vitis/util/zynqmp_utils.tcl' is done.
14:50:11 INFO  : Context for 'APU' is selected.
14:50:11 INFO  : System reset is completed.
14:50:14 INFO  : 'after 3000' command is executed.
14:50:14 INFO  : 'targets -set -filter {jtag_cable_name =~ "Digilent JTAG-HS3 210299B93AA5" && level==0 && jtag_device_ctx=="jsn-JTAG-HS3-210299B93AA5-147fb093-0"}' command is executed.
14:50:34 INFO  : Device configured successfully with "/home/sergi/Desktop/zynq_esencial/lab05/lab05vitis/hellow_world/_ide/bitstream/lab03_vivado_bd_wrapper.bit"
14:50:34 INFO  : Context for 'APU' is selected.
14:50:34 INFO  : Hardware design and registers information is loaded from '/home/sergi/Desktop/zynq_esencial/lab05/lab05vitis/lab05_platform/export/lab05_platform/hw/lab03_vivado_bd_wrapper.xsa'.
14:50:34 INFO  : 'configparams force-mem-access 1' command is executed.
14:50:34 INFO  : Context for 'APU' is selected.
14:50:34 INFO  : Boot mode is read from the target.
14:50:34 INFO  : Context for processor 'psu_cortexa53_0' is selected.
14:50:34 INFO  : Processor reset is completed for 'psu_cortexa53_0'.
14:50:35 INFO  : The application '/home/sergi/Desktop/zynq_esencial/lab05/lab05vitis/lab05_platform/export/lab05_platform/sw/lab05_platform/boot/fsbl.elf' is downloaded to processor 'psu_cortexa53_0'.
14:50:35 INFO  : 'set bp_50_35_fsbl_bp [bpadd -addr &XFsbl_Exit]' command is executed.
14:50:36 INFO  : 'con -block -timeout 60' command is executed.
14:50:36 INFO  : 'bpremove $bp_50_35_fsbl_bp' command is executed.
14:50:36 INFO  : Context for processor 'psu_cortexa53_0' is selected.
14:50:36 INFO  : Processor reset is completed for 'psu_cortexa53_0'.
14:50:36 INFO  : The application '/home/sergi/Desktop/zynq_esencial/lab05/lab05vitis/hellow_world/Debug/hellow_world.elf' is downloaded to processor 'psu_cortexa53_0'.
14:50:36 INFO  : 'configparams force-mem-access 0' command is executed.
14:50:36 INFO  : ----------------XSDB Script----------------
connect -url tcp:127.0.0.1:3121
source /tools/Xilinx/Vitis/2022.2/scripts/vitis/util/zynqmp_utils.tcl
targets -set -nocase -filter {name =~"APU*"}
rst -system
after 3000
targets -set -filter {jtag_cable_name =~ "Digilent JTAG-HS3 210299B93AA5" && level==0 && jtag_device_ctx=="jsn-JTAG-HS3-210299B93AA5-147fb093-0"}
fpga -file /home/sergi/Desktop/zynq_esencial/lab05/lab05vitis/hellow_world/_ide/bitstream/lab03_vivado_bd_wrapper.bit
targets -set -nocase -filter {name =~"APU*"}
loadhw -hw /home/sergi/Desktop/zynq_esencial/lab05/lab05vitis/lab05_platform/export/lab05_platform/hw/lab03_vivado_bd_wrapper.xsa -mem-ranges [list {0x80000000 0xbfffffff} {0x400000000 0x5ffffffff} {0x1000000000 0x7fffffffff}] -regs
configparams force-mem-access 1
targets -set -nocase -filter {name =~"APU*"}
set mode [expr [mrd -value 0xFF5E0200] & 0xf]
targets -set -nocase -filter {name =~ "*A53*#0"}
rst -processor
dow /home/sergi/Desktop/zynq_esencial/lab05/lab05vitis/lab05_platform/export/lab05_platform/sw/lab05_platform/boot/fsbl.elf
set bp_50_35_fsbl_bp [bpadd -addr &XFsbl_Exit]
con -block -timeout 60
bpremove $bp_50_35_fsbl_bp
targets -set -nocase -filter {name =~ "*A53*#0"}
rst -processor
dow /home/sergi/Desktop/zynq_esencial/lab05/lab05vitis/hellow_world/Debug/hellow_world.elf
configparams force-mem-access 0
----------------End of Script----------------

14:50:36 INFO  : Context for processor 'psu_cortexa53_0' is selected.
14:50:36 INFO  : 'con' command is executed.
14:50:36 INFO  : ----------------XSDB Script (After Launch)----------------
targets -set -nocase -filter {name =~ "*A53*#0"}
con
----------------End of Script----------------

14:50:36 INFO  : Launch script is exported to file '/home/sergi/Desktop/zynq_esencial/lab05/lab05vitis/hellow_world_system/_ide/scripts/systemdebugger_hellow_world_system_standalone.tcl'
14:52:54 INFO  : Disconnected from the channel tcfchan#5.
14:58:57 INFO  : No changes in MSS file content so sources will not be generated.
15:12:21 INFO  : Result from executing command 'getProjects': lab05_platform
15:12:21 INFO  : Result from executing command 'getPlatforms': lab05_platform|/home/sergi/Desktop/zynq_esencial/lab05/lab05vitis/lab05_platform/export/lab05_platform/lab05_platform.xpfm
15:12:24 INFO  : Hardware specification for platform project 'lab05_platform' is updated.
15:14:52 INFO  : The hardware specification used by project 'hellow_world' is out of sync with the platform. Resource files extracted from the hardware specification will be updated.
15:14:52 INFO  : The file '/home/sergi/Desktop/zynq_esencial/lab05/lab05vitis/hellow_world/_ide/bitstream/lab03_vivado_bd_wrapper.bit' stored in project is removed.
15:14:52 INFO  : The updated bitstream files are copied from platform to folder '/home/sergi/Desktop/zynq_esencial/lab05/lab05vitis/hellow_world/_ide/bitstream' in project 'hellow_world'.
15:14:52 INFO  : The file '/home/sergi/Desktop/zynq_esencial/lab05/lab05vitis/hellow_world/_ide/psinit/psu_init.tcl' stored in project is removed.
15:14:52 INFO  : The updated ps init files are copied from platform to folder '/home/sergi/Desktop/zynq_esencial/lab05/lab05vitis/hellow_world/_ide/psinit' in project 'hellow_world'.
15:14:53 INFO  : Connected to target on host '127.0.0.1' and port '3121'.
15:14:53 INFO  : Jtag cable 'Digilent JTAG-HS3 210299B93AA5' is selected.
15:14:53 INFO  : 'jtag frequency' command is executed.
15:14:53 INFO  : Sourcing of '/tools/Xilinx/Vitis/2022.2/scripts/vitis/util/zynqmp_utils.tcl' is done.
15:14:53 INFO  : Context for 'APU' is selected.
15:14:53 INFO  : System reset is completed.
15:14:56 INFO  : 'after 3000' command is executed.
15:14:56 INFO  : 'targets -set -filter {jtag_cable_name =~ "Digilent JTAG-HS3 210299B93AA5" && level==0 && jtag_device_ctx=="jsn-JTAG-HS3-210299B93AA5-147fb093-0"}' command is executed.
15:15:16 INFO  : Device configured successfully with "/home/sergi/Desktop/zynq_esencial/lab05/lab05vitis/lab05_platform/export/lab05_platform/hw/lab03_vivado_bd_wrapper.bit"
15:15:16 INFO  : Context for 'APU' is selected.
15:15:16 INFO  : Hardware design and registers information is loaded from '/home/sergi/Desktop/zynq_esencial/lab05/lab05vitis/lab05_platform/export/lab05_platform/hw/lab03_vivado_bd_wrapper.xsa'.
15:15:16 INFO  : 'configparams force-mem-access 1' command is executed.
15:15:16 INFO  : Context for 'APU' is selected.
15:15:16 INFO  : Boot mode is read from the target.
15:15:16 INFO  : Context for processor 'psu_cortexa53_0' is selected.
15:15:16 INFO  : Processor reset is completed for 'psu_cortexa53_0'.
15:15:16 INFO  : The application '/home/sergi/Desktop/zynq_esencial/lab05/lab05vitis/lab05_platform/export/lab05_platform/sw/lab05_platform/boot/fsbl.elf' is downloaded to processor 'psu_cortexa53_0'.
15:15:16 INFO  : 'set bp_15_16_fsbl_bp [bpadd -addr &XFsbl_Exit]' command is executed.
15:15:18 INFO  : 'con -block -timeout 60' command is executed.
15:15:18 INFO  : 'bpremove $bp_15_16_fsbl_bp' command is executed.
15:15:18 INFO  : Context for processor 'psu_cortexa53_0' is selected.
15:15:18 INFO  : Processor reset is completed for 'psu_cortexa53_0'.
15:15:19 INFO  : The application '/home/sergi/Desktop/zynq_esencial/lab05/lab05vitis/hellow_world/Debug/hellow_world.elf' is downloaded to processor 'psu_cortexa53_0'.
15:15:19 INFO  : 'configparams force-mem-access 0' command is executed.
15:15:19 INFO  : ----------------XSDB Script----------------
connect -url tcp:127.0.0.1:3121
source /tools/Xilinx/Vitis/2022.2/scripts/vitis/util/zynqmp_utils.tcl
targets -set -nocase -filter {name =~"APU*"}
rst -system
after 3000
targets -set -filter {jtag_cable_name =~ "Digilent JTAG-HS3 210299B93AA5" && level==0 && jtag_device_ctx=="jsn-JTAG-HS3-210299B93AA5-147fb093-0"}
fpga -file /home/sergi/Desktop/zynq_esencial/lab05/lab05vitis/lab05_platform/export/lab05_platform/hw/lab03_vivado_bd_wrapper.bit
targets -set -nocase -filter {name =~"APU*"}
loadhw -hw /home/sergi/Desktop/zynq_esencial/lab05/lab05vitis/lab05_platform/export/lab05_platform/hw/lab03_vivado_bd_wrapper.xsa -mem-ranges [list {0x80000000 0xbfffffff} {0x400000000 0x5ffffffff} {0x1000000000 0x7fffffffff}] -regs
configparams force-mem-access 1
targets -set -nocase -filter {name =~"APU*"}
set mode [expr [mrd -value 0xFF5E0200] & 0xf]
targets -set -nocase -filter {name =~ "*A53*#0"}
rst -processor
dow /home/sergi/Desktop/zynq_esencial/lab05/lab05vitis/lab05_platform/export/lab05_platform/sw/lab05_platform/boot/fsbl.elf
set bp_15_16_fsbl_bp [bpadd -addr &XFsbl_Exit]
con -block -timeout 60
bpremove $bp_15_16_fsbl_bp
targets -set -nocase -filter {name =~ "*A53*#0"}
rst -processor
dow /home/sergi/Desktop/zynq_esencial/lab05/lab05vitis/hellow_world/Debug/hellow_world.elf
configparams force-mem-access 0
----------------End of Script----------------

15:15:19 INFO  : Context for processor 'psu_cortexa53_0' is selected.
15:15:19 INFO  : 'con' command is executed.
15:15:19 INFO  : ----------------XSDB Script (After Launch)----------------
targets -set -nocase -filter {name =~ "*A53*#0"}
con
----------------End of Script----------------

15:15:19 INFO  : Launch script is exported to file '/home/sergi/Desktop/zynq_esencial/lab05/lab05vitis/hellow_world_system/_ide/scripts/systemdebugger_hellow_world_system_standalone.tcl'
15:20:34 INFO  : No changes in MSS file content so sources will not be generated.
15:20:56 INFO  : No changes in MSS file content so sources will not be generated.
15:21:23 INFO  : Disconnected from the channel tcfchan#7.
