09:43:47 DEBUG : Logs will be stored at '/home/sergi/Desktop/zynq_essencial/lab04/lab04_vitis/IDE.log'.
09:43:48 INFO  : Launching XSCT server: xsct -n  -interactive /home/sergi/Desktop/zynq_essencial/lab04/lab04_vitis/temp_xsdb_launch_script.tcl
09:43:48 INFO  : Platform repository initialization has completed.
09:43:48 INFO  : Registering command handlers for Vitis TCF services
09:43:49 INFO  : XSCT server has started successfully.
09:43:49 INFO  : Successfully done setting XSCT server connection channel  
09:43:49 INFO  : Successfully done setting workspace for the tool. 
09:43:49 INFO  : Successfully done query RDI_DATADIR 
09:43:50 INFO  : plnx-install-location is set to ''
09:48:14 INFO  : Result from executing command 'getProjects': lab04_platform
09:48:14 INFO  : Result from executing command 'getPlatforms': 
09:52:40 INFO  : No changes in MSS file content so sources will not be generated.
09:54:15 INFO  : Result from executing command 'getProjects': lab04_platform
09:54:15 INFO  : Result from executing command 'getPlatforms': lab04_platform|/home/sergi/Desktop/zynq_essencial/lab04/lab04_vitis/lab04_platform/export/lab04_platform/lab04_platform.xpfm
09:58:19 INFO  : Checking for BSP changes to sync application flags for project 'hello_world'...
09:58:21 ERROR : (XSDB Server)readelf: Error: '/home/sergi/Desktop/zynq_essencial/lab04/lab04_vitis/lab04_platform/export/lab04_platform/sw/fsbl.elf': No such file

10:04:30 INFO  : XRT server has started successfully on port '4352'
10:04:31 INFO  : Connected to target on host '127.0.0.1' and port '3121'.
10:04:31 INFO  : Jtag cable 'Digilent JTAG-HS3 210299B93AA5' is selected.
10:04:31 INFO  : 'jtag frequency' command is executed.
10:04:31 INFO  : Sourcing of '/tools/Xilinx/Vitis/2022.2/scripts/vitis/util/zynqmp_utils.tcl' is done.
10:04:31 INFO  : Context for 'APU' is selected.
10:04:32 INFO  : System reset is completed.
10:04:35 INFO  : 'after 3000' command is executed.
10:04:35 INFO  : 'targets -set -filter {jtag_cable_name =~ "Digilent JTAG-HS3 210299B93AA5" && level==0 && jtag_device_ctx=="jsn-JTAG-HS3-210299B93AA5-147fb093-0"}' command is executed.
10:04:54 INFO  : Device configured successfully with "/home/sergi/Desktop/zynq_essencial/lab04/lab04_vitis/hello_world/_ide/bitstream/lab03_vivado_bd_wrapper.bit"
10:04:54 INFO  : Context for 'APU' is selected.
10:04:55 INFO  : Hardware design and registers information is loaded from '/home/sergi/Desktop/zynq_essencial/lab04/lab04_vitis/lab04_platform/export/lab04_platform/hw/lab03_vivado_bd_wrapper.xsa'.
10:04:55 INFO  : 'configparams force-mem-access 1' command is executed.
10:04:55 INFO  : Context for 'APU' is selected.
10:04:55 INFO  : Boot mode is read from the target.
10:04:55 INFO  : Context for processor 'psu_cortexa53_0' is selected.
10:04:55 INFO  : Processor reset is completed for 'psu_cortexa53_0'.
10:04:55 INFO  : The application '/home/sergi/Desktop/zynq_essencial/lab04/lab04_vitis/lab04_platform/export/lab04_platform/sw/lab04_platform/boot/fsbl.elf' is downloaded to processor 'psu_cortexa53_0'.
10:04:55 INFO  : 'set bp_4_55_fsbl_bp [bpadd -addr &XFsbl_Exit]' command is executed.
10:04:57 INFO  : 'con -block -timeout 60' command is executed.
10:04:57 INFO  : 'bpremove $bp_4_55_fsbl_bp' command is executed.
10:04:57 INFO  : Context for processor 'psu_cortexa53_0' is selected.
10:04:57 INFO  : Processor reset is completed for 'psu_cortexa53_0'.
10:04:57 INFO  : The application '/home/sergi/Desktop/zynq_essencial/lab04/lab04_vitis/hello_world/Debug/hello_world.elf' is downloaded to processor 'psu_cortexa53_0'.
10:04:57 INFO  : 'configparams force-mem-access 0' command is executed.
10:04:57 INFO  : ----------------XSDB Script----------------
connect -url tcp:127.0.0.1:3121
source /tools/Xilinx/Vitis/2022.2/scripts/vitis/util/zynqmp_utils.tcl
targets -set -nocase -filter {name =~"APU*"}
rst -system
after 3000
targets -set -filter {jtag_cable_name =~ "Digilent JTAG-HS3 210299B93AA5" && level==0 && jtag_device_ctx=="jsn-JTAG-HS3-210299B93AA5-147fb093-0"}
fpga -file /home/sergi/Desktop/zynq_essencial/lab04/lab04_vitis/hello_world/_ide/bitstream/lab03_vivado_bd_wrapper.bit
targets -set -nocase -filter {name =~"APU*"}
loadhw -hw /home/sergi/Desktop/zynq_essencial/lab04/lab04_vitis/lab04_platform/export/lab04_platform/hw/lab03_vivado_bd_wrapper.xsa -mem-ranges [list {0x80000000 0xbfffffff} {0x400000000 0x5ffffffff} {0x1000000000 0x7fffffffff}] -regs
configparams force-mem-access 1
targets -set -nocase -filter {name =~"APU*"}
set mode [expr [mrd -value 0xFF5E0200] & 0xf]
targets -set -nocase -filter {name =~ "*A53*#0"}
rst -processor
dow /home/sergi/Desktop/zynq_essencial/lab04/lab04_vitis/lab04_platform/export/lab04_platform/sw/lab04_platform/boot/fsbl.elf
set bp_4_55_fsbl_bp [bpadd -addr &XFsbl_Exit]
con -block -timeout 60
bpremove $bp_4_55_fsbl_bp
targets -set -nocase -filter {name =~ "*A53*#0"}
rst -processor
dow /home/sergi/Desktop/zynq_essencial/lab04/lab04_vitis/hello_world/Debug/hello_world.elf
configparams force-mem-access 0
----------------End of Script----------------

10:04:57 INFO  : Context for processor 'psu_cortexa53_0' is selected.
10:04:57 INFO  : 'con' command is executed.
10:04:57 INFO  : ----------------XSDB Script (After Launch)----------------
targets -set -nocase -filter {name =~ "*A53*#0"}
con
----------------End of Script----------------

10:04:57 INFO  : Launch script is exported to file '/home/sergi/Desktop/zynq_essencial/lab04/lab04_vitis/hello_world_system/_ide/scripts/systemdebugger_hello_world_system_standalone.tcl'
10:22:18 INFO  : Disconnected from the channel tcfchan#3.
10:38:22 DEBUG : Logs will be stored at '/home/sergi/Desktop/zynq_essencial/lab04/lab04_vitis/IDE.log'.
10:38:22 INFO  : Launching XSCT server: xsct -n  -interactive /home/sergi/Desktop/zynq_essencial/lab04/lab04_vitis/temp_xsdb_launch_script.tcl
10:38:24 INFO  : Platform repository initialization has completed.
10:38:24 INFO  : Registering command handlers for Vitis TCF services
10:38:24 INFO  : XSCT server has started successfully.
10:38:24 INFO  : Successfully done setting XSCT server connection channel  
10:38:24 INFO  : plnx-install-location is set to ''
10:38:25 INFO  : Successfully done setting workspace for the tool. 
10:38:25 INFO  : Successfully done query RDI_DATADIR 
10:39:44 INFO  : Connected to target on host '127.0.0.1' and port '3121'.
10:39:45 INFO  : Jtag cable 'Digilent JTAG-HS3 210299B93AA5' is selected.
10:39:45 INFO  : 'jtag frequency' command is executed.
10:39:45 INFO  : Sourcing of '/tools/Xilinx/Vitis/2022.2/scripts/vitis/util/zynqmp_utils.tcl' is done.
10:39:45 INFO  : Context for 'APU' is selected.
10:39:45 INFO  : System reset is completed.
10:39:48 INFO  : 'after 3000' command is executed.
10:39:48 INFO  : 'targets -set -filter {jtag_cable_name =~ "Digilent JTAG-HS3 210299B93AA5" && level==0 && jtag_device_ctx=="jsn-JTAG-HS3-210299B93AA5-147fb093-0"}' command is executed.
10:40:08 INFO  : Device configured successfully with "/home/sergi/Desktop/zynq_essencial/lab04/lab04_vitis/hello_world/_ide/bitstream/lab03_vivado_bd_wrapper.bit"
10:40:08 INFO  : Context for 'APU' is selected.
10:40:08 INFO  : Hardware design and registers information is loaded from '/home/sergi/Desktop/zynq_essencial/lab04/lab04_vitis/lab04_platform/export/lab04_platform/hw/lab03_vivado_bd_wrapper.xsa'.
10:40:08 INFO  : 'configparams force-mem-access 1' command is executed.
10:40:08 INFO  : Context for 'APU' is selected.
10:40:08 INFO  : Boot mode is read from the target.
10:40:08 INFO  : Context for processor 'psu_cortexa53_0' is selected.
10:40:08 INFO  : Processor reset is completed for 'psu_cortexa53_0'.
10:40:08 INFO  : The application '/home/sergi/Desktop/zynq_essencial/lab04/lab04_vitis/lab04_platform/export/lab04_platform/sw/lab04_platform/boot/fsbl.elf' is downloaded to processor 'psu_cortexa53_0'.
10:40:08 INFO  : 'set bp_40_8_fsbl_bp [bpadd -addr &XFsbl_Exit]' command is executed.
10:40:11 INFO  : 'con -block -timeout 60' command is executed.
10:40:11 INFO  : 'bpremove $bp_40_8_fsbl_bp' command is executed.
10:40:11 INFO  : Context for processor 'psu_cortexa53_0' is selected.
10:40:11 INFO  : Processor reset is completed for 'psu_cortexa53_0'.
10:40:12 INFO  : The application '/home/sergi/Desktop/zynq_essencial/lab04/lab04_vitis/hello_world/Debug/hello_world.elf' is downloaded to processor 'psu_cortexa53_0'.
10:40:12 INFO  : 'configparams force-mem-access 0' command is executed.
10:40:12 INFO  : ----------------XSDB Script----------------
connect -url tcp:127.0.0.1:3121
source /tools/Xilinx/Vitis/2022.2/scripts/vitis/util/zynqmp_utils.tcl
targets -set -nocase -filter {name =~"APU*"}
rst -system
after 3000
targets -set -filter {jtag_cable_name =~ "Digilent JTAG-HS3 210299B93AA5" && level==0 && jtag_device_ctx=="jsn-JTAG-HS3-210299B93AA5-147fb093-0"}
fpga -file /home/sergi/Desktop/zynq_essencial/lab04/lab04_vitis/hello_world/_ide/bitstream/lab03_vivado_bd_wrapper.bit
targets -set -nocase -filter {name =~"APU*"}
loadhw -hw /home/sergi/Desktop/zynq_essencial/lab04/lab04_vitis/lab04_platform/export/lab04_platform/hw/lab03_vivado_bd_wrapper.xsa -mem-ranges [list {0x80000000 0xbfffffff} {0x400000000 0x5ffffffff} {0x1000000000 0x7fffffffff}] -regs
configparams force-mem-access 1
targets -set -nocase -filter {name =~"APU*"}
set mode [expr [mrd -value 0xFF5E0200] & 0xf]
targets -set -nocase -filter {name =~ "*A53*#0"}
rst -processor
dow /home/sergi/Desktop/zynq_essencial/lab04/lab04_vitis/lab04_platform/export/lab04_platform/sw/lab04_platform/boot/fsbl.elf
set bp_40_8_fsbl_bp [bpadd -addr &XFsbl_Exit]
con -block -timeout 60
bpremove $bp_40_8_fsbl_bp
targets -set -nocase -filter {name =~ "*A53*#0"}
rst -processor
dow /home/sergi/Desktop/zynq_essencial/lab04/lab04_vitis/hello_world/Debug/hello_world.elf
configparams force-mem-access 0
----------------End of Script----------------

10:40:12 INFO  : Context for processor 'psu_cortexa53_0' is selected.
10:40:12 INFO  : 'con' command is executed.
10:40:12 INFO  : ----------------XSDB Script (After Launch)----------------
targets -set -nocase -filter {name =~ "*A53*#0"}
con
----------------End of Script----------------

10:40:12 INFO  : Launch script is exported to file '/home/sergi/Desktop/zynq_essencial/lab04/lab04_vitis/hello_world_system/_ide/scripts/debugger_hello_world-default.tcl'
10:43:21 INFO  : Checking for BSP changes to sync application flags for project 'hello_world'...
10:43:23 ERROR : (XSDB Server)ERROR: [Hsi 55-1571] The design file /home/sergi/Desktop/zynq_essencial/lab04/lab04_vitis/lab04_platform/export/lab04_platform/hw/lab03_vivado_bd_wrapper.xsa is already opened

10:43:23 ERROR : (XSDB Server)readelf: Error: '/home/sergi/Desktop/zynq_essencial/lab04/lab04_vitis/lab04_platform/export/lab04_platform/sw/fsbl.elf': No such file

10:43:33 INFO  : Disconnected from the channel tcfchan#1.
10:43:34 INFO  : Connected to target on host '127.0.0.1' and port '3121'.
10:43:43 INFO  : ----------------XSDB Script----------------
connect -url tcp:127.0.0.1:3121
----------------End of Script----------------

10:43:43 ERROR : Could not find ARM device on the board for connection 'Local'.
Check if the target is in:
1. Split JTAG - No operations are possible with ARM DAP.
2. Non JTAG bootmode - Bootrom may need time to enable DAP.
Please try again.


Troubleshooting hints:
1. Check whether board is connected to system properly.
2. In case of zynq board, check whether Digilent/Xilinx cable switch settings are correct.
3. If you are using Xilinx Platform Cable USB, ensure that status LED is green.
10:44:02 INFO  : Connected to target on host '127.0.0.1' and port '3121'.
10:44:02 INFO  : Jtag cable 'Digilent JTAG-HS3 210299B93AA5' is selected.
10:44:02 INFO  : 'jtag frequency' command is executed.
10:44:02 INFO  : Sourcing of '/tools/Xilinx/Vitis/2022.2/scripts/vitis/util/zynqmp_utils.tcl' is done.
10:44:02 INFO  : Context for 'APU' is selected.
10:44:02 INFO  : System reset is completed.
10:44:05 INFO  : 'after 3000' command is executed.
10:44:05 INFO  : 'targets -set -filter {jtag_cable_name =~ "Digilent JTAG-HS3 210299B93AA5" && level==0 && jtag_device_ctx=="jsn-JTAG-HS3-210299B93AA5-147fb093-0"}' command is executed.
10:44:25 INFO  : Device configured successfully with "/home/sergi/Desktop/zynq_essencial/lab04/lab04_vitis/hello_world/_ide/bitstream/lab03_vivado_bd_wrapper.bit"
10:44:25 INFO  : Context for 'APU' is selected.
10:44:29 INFO  : Hardware design and registers information is loaded from '/home/sergi/Desktop/zynq_essencial/lab04/lab04_vitis/lab04_platform/export/lab04_platform/hw/lab03_vivado_bd_wrapper.xsa'.
10:44:29 INFO  : 'configparams force-mem-access 1' command is executed.
10:44:29 INFO  : Context for 'APU' is selected.
10:44:29 INFO  : Boot mode is read from the target.
10:44:29 INFO  : Context for processor 'psu_cortexa53_0' is selected.
10:44:29 INFO  : Processor reset is completed for 'psu_cortexa53_0'.
10:44:30 INFO  : The application '/home/sergi/Desktop/zynq_essencial/lab04/lab04_vitis/lab04_platform/export/lab04_platform/sw/lab04_platform/boot/fsbl.elf' is downloaded to processor 'psu_cortexa53_0'.
10:44:30 INFO  : 'set bp_44_30_fsbl_bp [bpadd -addr &XFsbl_Exit]' command is executed.
10:44:32 INFO  : 'con -block -timeout 60' command is executed.
10:44:32 INFO  : 'bpremove $bp_44_30_fsbl_bp' command is executed.
10:44:32 INFO  : Context for processor 'psu_cortexa53_0' is selected.
10:44:32 INFO  : Processor reset is completed for 'psu_cortexa53_0'.
10:44:32 INFO  : The application '/home/sergi/Desktop/zynq_essencial/lab04/lab04_vitis/hello_world/Debug/hello_world.elf' is downloaded to processor 'psu_cortexa53_0'.
10:44:32 INFO  : 'configparams force-mem-access 0' command is executed.
10:44:32 INFO  : ----------------XSDB Script----------------
connect -url tcp:127.0.0.1:3121
source /tools/Xilinx/Vitis/2022.2/scripts/vitis/util/zynqmp_utils.tcl
targets -set -nocase -filter {name =~"APU*"}
rst -system
after 3000
targets -set -filter {jtag_cable_name =~ "Digilent JTAG-HS3 210299B93AA5" && level==0 && jtag_device_ctx=="jsn-JTAG-HS3-210299B93AA5-147fb093-0"}
fpga -file /home/sergi/Desktop/zynq_essencial/lab04/lab04_vitis/hello_world/_ide/bitstream/lab03_vivado_bd_wrapper.bit
targets -set -nocase -filter {name =~"APU*"}
loadhw -hw /home/sergi/Desktop/zynq_essencial/lab04/lab04_vitis/lab04_platform/export/lab04_platform/hw/lab03_vivado_bd_wrapper.xsa -mem-ranges [list {0x80000000 0xbfffffff} {0x400000000 0x5ffffffff} {0x1000000000 0x7fffffffff}] -regs
configparams force-mem-access 1
targets -set -nocase -filter {name =~"APU*"}
set mode [expr [mrd -value 0xFF5E0200] & 0xf]
targets -set -nocase -filter {name =~ "*A53*#0"}
rst -processor
dow /home/sergi/Desktop/zynq_essencial/lab04/lab04_vitis/lab04_platform/export/lab04_platform/sw/lab04_platform/boot/fsbl.elf
set bp_44_30_fsbl_bp [bpadd -addr &XFsbl_Exit]
con -block -timeout 60
bpremove $bp_44_30_fsbl_bp
targets -set -nocase -filter {name =~ "*A53*#0"}
rst -processor
dow /home/sergi/Desktop/zynq_essencial/lab04/lab04_vitis/hello_world/Debug/hello_world.elf
configparams force-mem-access 0
----------------End of Script----------------

10:44:32 INFO  : Context for processor 'psu_cortexa53_0' is selected.
10:44:32 INFO  : 'con' command is executed.
10:44:32 INFO  : ----------------XSDB Script (After Launch)----------------
targets -set -nocase -filter {name =~ "*A53*#0"}
con
----------------End of Script----------------

10:44:32 INFO  : Launch script is exported to file '/home/sergi/Desktop/zynq_essencial/lab04/lab04_vitis/hello_world_system/_ide/scripts/debugger_hello_world-default.tcl'
10:49:57 INFO  : Disconnected from the channel tcfchan#3.
10:52:43 INFO  : No changes in MSS file content so sources will not be generated.
12:14:56 DEBUG : Logs will be stored at '/home/sergi/Desktop/zynq_essencial/lab04/lab04_vitis/IDE.log'.
12:14:56 INFO  : Launching XSCT server: xsct -n  -interactive /home/sergi/Desktop/zynq_essencial/lab04/lab04_vitis/temp_xsdb_launch_script.tcl
12:14:57 INFO  : Platform repository initialization has completed.
12:14:57 INFO  : XSCT server has started successfully.
12:14:57 INFO  : Registering command handlers for Vitis TCF services
12:14:57 INFO  : plnx-install-location is set to ''
12:14:57 INFO  : Successfully done setting XSCT server connection channel  
12:14:57 INFO  : Successfully done query RDI_DATADIR 
12:14:57 INFO  : Successfully done setting workspace for the tool. 
12:15:30 INFO  : Connected to target on host '127.0.0.1' and port '3121'.
12:15:48 INFO  : ----------------XSDB Script----------------
connect -url tcp:127.0.0.1:3121
----------------End of Script----------------

12:15:48 ERROR : Could not find ARM device on the board for connection 'Local'.
Check if the target is in:
1. Split JTAG - No operations are possible with ARM DAP.
2. Non JTAG bootmode - Bootrom may need time to enable DAP.
Please try again.


Troubleshooting hints:
1. Check whether board is connected to system properly.
2. In case of zynq board, check whether Digilent/Xilinx cable switch settings are correct.
3. If you are using Xilinx Platform Cable USB, ensure that status LED is green.
