
*** Running vivado
    with args -log lab03_vivado_bd_wrapper.vds -m64 -product Vivado -mode batch -messageDb vivado.pb -notrace -source lab03_vivado_bd_wrapper.tcl


****** Vivado v2022.2 (64-bit)
  **** SW Build 3671981 on Fri Oct 14 04:59:54 MDT 2022
  **** IP Build 3669848 on Fri Oct 14 08:30:02 MDT 2022
    ** Copyright 1986-2022 Xilinx, Inc. All Rights Reserved.

source lab03_vivado_bd_wrapper.tcl -notrace
INFO: [IP_Flow 19-234] Refreshing IP repositories
INFO: [IP_Flow 19-1704] No user IP repositories specified
INFO: [IP_Flow 19-2313] Loaded Vivado IP repository '/tools/Xilinx/Vivado/2022.2/data/ip'.
Command: read_checkpoint -auto_incremental -incremental /home/sergi/Desktop/zynq_esencial/lab06/lab06_vivado/lab06_vivado.srcs/utils_1/imports/synth_1/lab03_vivado_bd_wrapper.dcp
INFO: [Vivado 12-5825] Read reference checkpoint from /home/sergi/Desktop/zynq_esencial/lab06/lab06_vivado/lab06_vivado.srcs/utils_1/imports/synth_1/lab03_vivado_bd_wrapper.dcp for incremental synthesis
INFO: [Vivado 12-7989] Please ensure there are no constraint changes
Command: synth_design -top lab03_vivado_bd_wrapper -part xczu48dr-ffvg1517-2-e
Starting synth_design
Attempting to get a license for feature 'Synthesis' and/or device 'xczu48dr'
INFO: [Common 17-349] Got license for feature 'Synthesis' and/or device 'xczu48dr'
INFO: [Device 21-403] Loading part xczu48dr-ffvg1517-2-e
INFO: [Designutils 20-5440] No compile time benefit to using incremental synthesis; A full resynthesis will be run
INFO: [Designutils 20-4379] Flow is switching to default flow due to incremental criteria not met. If you would like to alter this behaviour and have the flow terminate instead, please set the following parameter config_implementation {autoIncr.Synth.RejectBehavior Terminate}
INFO: [Synth 8-7079] Multithreading enabled for synth_design using a maximum of 4 processes.
INFO: [Synth 8-7078] Launching helper process for spawning children vivado processes
INFO: [Synth 8-7075] Helper process launched with PID 1376700
INFO: [Synth 8-11241] undeclared symbol 'REGCCE', assumed default net type 'wire' [/tools/Xilinx/Vivado/2022.2/data/verilog/src/unimacro/BRAM_SINGLE_MACRO.v:2170]
---------------------------------------------------------------------------------
Starting RTL Elaboration : Time (s): cpu = 00:00:02 ; elapsed = 00:00:02 . Memory (MB): peak = 2567.090 ; gain = 326.801 ; free physical = 8540 ; free virtual = 24646
Synthesis current peak Physical Memory [PSS] (MB): peak = 1981.315; parent = 1778.466; children = 202.850
Synthesis current peak Virtual Memory [VSS] (MB): peak = 3540.145; parent = 2567.094; children = 973.051
---------------------------------------------------------------------------------
INFO: [Synth 8-6157] synthesizing module 'lab03_vivado_bd_wrapper' [/home/sergi/Desktop/zynq_esencial/lab06/lab06_vivado/lab06_vivado.srcs/sources_1/imports/lab03_vivado_bd_wrapper.v:12]
INFO: [Synth 8-6157] synthesizing module 'lab03_vivado_bd' [/home/sergi/Desktop/zynq_esencial/lab06/lab06_vivado/lab06_vivado.gen/sources_1/bd/lab03_vivado_bd/synth/lab03_vivado_bd.v:12]
INFO: [Synth 8-6157] synthesizing module 'lab03_vivado_bd_zynq_ultra_ps_e_0_0' [/home/sergi/Desktop/zynq_esencial/lab06/lab06_vivado/lab06_vivado.runs/synth_1/.Xil/Vivado-1375823-unlabblackbox/realtime/lab03_vivado_bd_zynq_ultra_ps_e_0_0_stub.v:5]
INFO: [Synth 8-6155] done synthesizing module 'lab03_vivado_bd_zynq_ultra_ps_e_0_0' (0#1) [/home/sergi/Desktop/zynq_esencial/lab06/lab06_vivado/lab06_vivado.runs/synth_1/.Xil/Vivado-1375823-unlabblackbox/realtime/lab03_vivado_bd_zynq_ultra_ps_e_0_0_stub.v:5]
WARNING: [Synth 8-7071] port 'maxigp0_awid' of module 'lab03_vivado_bd_zynq_ultra_ps_e_0_0' is unconnected for instance 'zynq_ultra_ps_e_0' [/home/sergi/Desktop/zynq_esencial/lab06/lab06_vivado/lab06_vivado.gen/sources_1/bd/lab03_vivado_bd/synth/lab03_vivado_bd.v:18]
WARNING: [Synth 8-7071] port 'maxigp0_awaddr' of module 'lab03_vivado_bd_zynq_ultra_ps_e_0_0' is unconnected for instance 'zynq_ultra_ps_e_0' [/home/sergi/Desktop/zynq_esencial/lab06/lab06_vivado/lab06_vivado.gen/sources_1/bd/lab03_vivado_bd/synth/lab03_vivado_bd.v:18]
WARNING: [Synth 8-7071] port 'maxigp0_awlen' of module 'lab03_vivado_bd_zynq_ultra_ps_e_0_0' is unconnected for instance 'zynq_ultra_ps_e_0' [/home/sergi/Desktop/zynq_esencial/lab06/lab06_vivado/lab06_vivado.gen/sources_1/bd/lab03_vivado_bd/synth/lab03_vivado_bd.v:18]
WARNING: [Synth 8-7071] port 'maxigp0_awsize' of module 'lab03_vivado_bd_zynq_ultra_ps_e_0_0' is unconnected for instance 'zynq_ultra_ps_e_0' [/home/sergi/Desktop/zynq_esencial/lab06/lab06_vivado/lab06_vivado.gen/sources_1/bd/lab03_vivado_bd/synth/lab03_vivado_bd.v:18]
WARNING: [Synth 8-7071] port 'maxigp0_awburst' of module 'lab03_vivado_bd_zynq_ultra_ps_e_0_0' is unconnected for instance 'zynq_ultra_ps_e_0' [/home/sergi/Desktop/zynq_esencial/lab06/lab06_vivado/lab06_vivado.gen/sources_1/bd/lab03_vivado_bd/synth/lab03_vivado_bd.v:18]
WARNING: [Synth 8-7071] port 'maxigp0_awlock' of module 'lab03_vivado_bd_zynq_ultra_ps_e_0_0' is unconnected for instance 'zynq_ultra_ps_e_0' [/home/sergi/Desktop/zynq_esencial/lab06/lab06_vivado/lab06_vivado.gen/sources_1/bd/lab03_vivado_bd/synth/lab03_vivado_bd.v:18]
WARNING: [Synth 8-7071] port 'maxigp0_awcache' of module 'lab03_vivado_bd_zynq_ultra_ps_e_0_0' is unconnected for instance 'zynq_ultra_ps_e_0' [/home/sergi/Desktop/zynq_esencial/lab06/lab06_vivado/lab06_vivado.gen/sources_1/bd/lab03_vivado_bd/synth/lab03_vivado_bd.v:18]
WARNING: [Synth 8-7071] port 'maxigp0_awprot' of module 'lab03_vivado_bd_zynq_ultra_ps_e_0_0' is unconnected for instance 'zynq_ultra_ps_e_0' [/home/sergi/Desktop/zynq_esencial/lab06/lab06_vivado/lab06_vivado.gen/sources_1/bd/lab03_vivado_bd/synth/lab03_vivado_bd.v:18]
WARNING: [Synth 8-7071] port 'maxigp0_awvalid' of module 'lab03_vivado_bd_zynq_ultra_ps_e_0_0' is unconnected for instance 'zynq_ultra_ps_e_0' [/home/sergi/Desktop/zynq_esencial/lab06/lab06_vivado/lab06_vivado.gen/sources_1/bd/lab03_vivado_bd/synth/lab03_vivado_bd.v:18]
WARNING: [Synth 8-7071] port 'maxigp0_awuser' of module 'lab03_vivado_bd_zynq_ultra_ps_e_0_0' is unconnected for instance 'zynq_ultra_ps_e_0' [/home/sergi/Desktop/zynq_esencial/lab06/lab06_vivado/lab06_vivado.gen/sources_1/bd/lab03_vivado_bd/synth/lab03_vivado_bd.v:18]
WARNING: [Synth 8-7071] port 'maxigp0_wdata' of module 'lab03_vivado_bd_zynq_ultra_ps_e_0_0' is unconnected for instance 'zynq_ultra_ps_e_0' [/home/sergi/Desktop/zynq_esencial/lab06/lab06_vivado/lab06_vivado.gen/sources_1/bd/lab03_vivado_bd/synth/lab03_vivado_bd.v:18]
WARNING: [Synth 8-7071] port 'maxigp0_wstrb' of module 'lab03_vivado_bd_zynq_ultra_ps_e_0_0' is unconnected for instance 'zynq_ultra_ps_e_0' [/home/sergi/Desktop/zynq_esencial/lab06/lab06_vivado/lab06_vivado.gen/sources_1/bd/lab03_vivado_bd/synth/lab03_vivado_bd.v:18]
WARNING: [Synth 8-7071] port 'maxigp0_wlast' of module 'lab03_vivado_bd_zynq_ultra_ps_e_0_0' is unconnected for instance 'zynq_ultra_ps_e_0' [/home/sergi/Desktop/zynq_esencial/lab06/lab06_vivado/lab06_vivado.gen/sources_1/bd/lab03_vivado_bd/synth/lab03_vivado_bd.v:18]
WARNING: [Synth 8-7071] port 'maxigp0_wvalid' of module 'lab03_vivado_bd_zynq_ultra_ps_e_0_0' is unconnected for instance 'zynq_ultra_ps_e_0' [/home/sergi/Desktop/zynq_esencial/lab06/lab06_vivado/lab06_vivado.gen/sources_1/bd/lab03_vivado_bd/synth/lab03_vivado_bd.v:18]
WARNING: [Synth 8-7071] port 'maxigp0_bready' of module 'lab03_vivado_bd_zynq_ultra_ps_e_0_0' is unconnected for instance 'zynq_ultra_ps_e_0' [/home/sergi/Desktop/zynq_esencial/lab06/lab06_vivado/lab06_vivado.gen/sources_1/bd/lab03_vivado_bd/synth/lab03_vivado_bd.v:18]
WARNING: [Synth 8-7071] port 'maxigp0_arid' of module 'lab03_vivado_bd_zynq_ultra_ps_e_0_0' is unconnected for instance 'zynq_ultra_ps_e_0' [/home/sergi/Desktop/zynq_esencial/lab06/lab06_vivado/lab06_vivado.gen/sources_1/bd/lab03_vivado_bd/synth/lab03_vivado_bd.v:18]
WARNING: [Synth 8-7071] port 'maxigp0_araddr' of module 'lab03_vivado_bd_zynq_ultra_ps_e_0_0' is unconnected for instance 'zynq_ultra_ps_e_0' [/home/sergi/Desktop/zynq_esencial/lab06/lab06_vivado/lab06_vivado.gen/sources_1/bd/lab03_vivado_bd/synth/lab03_vivado_bd.v:18]
WARNING: [Synth 8-7071] port 'maxigp0_arlen' of module 'lab03_vivado_bd_zynq_ultra_ps_e_0_0' is unconnected for instance 'zynq_ultra_ps_e_0' [/home/sergi/Desktop/zynq_esencial/lab06/lab06_vivado/lab06_vivado.gen/sources_1/bd/lab03_vivado_bd/synth/lab03_vivado_bd.v:18]
WARNING: [Synth 8-7071] port 'maxigp0_arsize' of module 'lab03_vivado_bd_zynq_ultra_ps_e_0_0' is unconnected for instance 'zynq_ultra_ps_e_0' [/home/sergi/Desktop/zynq_esencial/lab06/lab06_vivado/lab06_vivado.gen/sources_1/bd/lab03_vivado_bd/synth/lab03_vivado_bd.v:18]
WARNING: [Synth 8-7071] port 'maxigp0_arburst' of module 'lab03_vivado_bd_zynq_ultra_ps_e_0_0' is unconnected for instance 'zynq_ultra_ps_e_0' [/home/sergi/Desktop/zynq_esencial/lab06/lab06_vivado/lab06_vivado.gen/sources_1/bd/lab03_vivado_bd/synth/lab03_vivado_bd.v:18]
WARNING: [Synth 8-7071] port 'maxigp0_arlock' of module 'lab03_vivado_bd_zynq_ultra_ps_e_0_0' is unconnected for instance 'zynq_ultra_ps_e_0' [/home/sergi/Desktop/zynq_esencial/lab06/lab06_vivado/lab06_vivado.gen/sources_1/bd/lab03_vivado_bd/synth/lab03_vivado_bd.v:18]
WARNING: [Synth 8-7071] port 'maxigp0_arcache' of module 'lab03_vivado_bd_zynq_ultra_ps_e_0_0' is unconnected for instance 'zynq_ultra_ps_e_0' [/home/sergi/Desktop/zynq_esencial/lab06/lab06_vivado/lab06_vivado.gen/sources_1/bd/lab03_vivado_bd/synth/lab03_vivado_bd.v:18]
WARNING: [Synth 8-7071] port 'maxigp0_arprot' of module 'lab03_vivado_bd_zynq_ultra_ps_e_0_0' is unconnected for instance 'zynq_ultra_ps_e_0' [/home/sergi/Desktop/zynq_esencial/lab06/lab06_vivado/lab06_vivado.gen/sources_1/bd/lab03_vivado_bd/synth/lab03_vivado_bd.v:18]
WARNING: [Synth 8-7071] port 'maxigp0_arvalid' of module 'lab03_vivado_bd_zynq_ultra_ps_e_0_0' is unconnected for instance 'zynq_ultra_ps_e_0' [/home/sergi/Desktop/zynq_esencial/lab06/lab06_vivado/lab06_vivado.gen/sources_1/bd/lab03_vivado_bd/synth/lab03_vivado_bd.v:18]
WARNING: [Synth 8-7071] port 'maxigp0_aruser' of module 'lab03_vivado_bd_zynq_ultra_ps_e_0_0' is unconnected for instance 'zynq_ultra_ps_e_0' [/home/sergi/Desktop/zynq_esencial/lab06/lab06_vivado/lab06_vivado.gen/sources_1/bd/lab03_vivado_bd/synth/lab03_vivado_bd.v:18]
WARNING: [Synth 8-7071] port 'maxigp0_rready' of module 'lab03_vivado_bd_zynq_ultra_ps_e_0_0' is unconnected for instance 'zynq_ultra_ps_e_0' [/home/sergi/Desktop/zynq_esencial/lab06/lab06_vivado/lab06_vivado.gen/sources_1/bd/lab03_vivado_bd/synth/lab03_vivado_bd.v:18]
WARNING: [Synth 8-7071] port 'maxigp0_awqos' of module 'lab03_vivado_bd_zynq_ultra_ps_e_0_0' is unconnected for instance 'zynq_ultra_ps_e_0' [/home/sergi/Desktop/zynq_esencial/lab06/lab06_vivado/lab06_vivado.gen/sources_1/bd/lab03_vivado_bd/synth/lab03_vivado_bd.v:18]
WARNING: [Synth 8-7071] port 'maxigp0_arqos' of module 'lab03_vivado_bd_zynq_ultra_ps_e_0_0' is unconnected for instance 'zynq_ultra_ps_e_0' [/home/sergi/Desktop/zynq_esencial/lab06/lab06_vivado/lab06_vivado.gen/sources_1/bd/lab03_vivado_bd/synth/lab03_vivado_bd.v:18]
WARNING: [Synth 8-7071] port 'maxigp1_awid' of module 'lab03_vivado_bd_zynq_ultra_ps_e_0_0' is unconnected for instance 'zynq_ultra_ps_e_0' [/home/sergi/Desktop/zynq_esencial/lab06/lab06_vivado/lab06_vivado.gen/sources_1/bd/lab03_vivado_bd/synth/lab03_vivado_bd.v:18]
WARNING: [Synth 8-7071] port 'maxigp1_awaddr' of module 'lab03_vivado_bd_zynq_ultra_ps_e_0_0' is unconnected for instance 'zynq_ultra_ps_e_0' [/home/sergi/Desktop/zynq_esencial/lab06/lab06_vivado/lab06_vivado.gen/sources_1/bd/lab03_vivado_bd/synth/lab03_vivado_bd.v:18]
WARNING: [Synth 8-7071] port 'maxigp1_awlen' of module 'lab03_vivado_bd_zynq_ultra_ps_e_0_0' is unconnected for instance 'zynq_ultra_ps_e_0' [/home/sergi/Desktop/zynq_esencial/lab06/lab06_vivado/lab06_vivado.gen/sources_1/bd/lab03_vivado_bd/synth/lab03_vivado_bd.v:18]
WARNING: [Synth 8-7071] port 'maxigp1_awsize' of module 'lab03_vivado_bd_zynq_ultra_ps_e_0_0' is unconnected for instance 'zynq_ultra_ps_e_0' [/home/sergi/Desktop/zynq_esencial/lab06/lab06_vivado/lab06_vivado.gen/sources_1/bd/lab03_vivado_bd/synth/lab03_vivado_bd.v:18]
WARNING: [Synth 8-7071] port 'maxigp1_awburst' of module 'lab03_vivado_bd_zynq_ultra_ps_e_0_0' is unconnected for instance 'zynq_ultra_ps_e_0' [/home/sergi/Desktop/zynq_esencial/lab06/lab06_vivado/lab06_vivado.gen/sources_1/bd/lab03_vivado_bd/synth/lab03_vivado_bd.v:18]
WARNING: [Synth 8-7071] port 'maxigp1_awlock' of module 'lab03_vivado_bd_zynq_ultra_ps_e_0_0' is unconnected for instance 'zynq_ultra_ps_e_0' [/home/sergi/Desktop/zynq_esencial/lab06/lab06_vivado/lab06_vivado.gen/sources_1/bd/lab03_vivado_bd/synth/lab03_vivado_bd.v:18]
WARNING: [Synth 8-7071] port 'maxigp1_awcache' of module 'lab03_vivado_bd_zynq_ultra_ps_e_0_0' is unconnected for instance 'zynq_ultra_ps_e_0' [/home/sergi/Desktop/zynq_esencial/lab06/lab06_vivado/lab06_vivado.gen/sources_1/bd/lab03_vivado_bd/synth/lab03_vivado_bd.v:18]
WARNING: [Synth 8-7071] port 'maxigp1_awprot' of module 'lab03_vivado_bd_zynq_ultra_ps_e_0_0' is unconnected for instance 'zynq_ultra_ps_e_0' [/home/sergi/Desktop/zynq_esencial/lab06/lab06_vivado/lab06_vivado.gen/sources_1/bd/lab03_vivado_bd/synth/lab03_vivado_bd.v:18]
WARNING: [Synth 8-7071] port 'maxigp1_awvalid' of module 'lab03_vivado_bd_zynq_ultra_ps_e_0_0' is unconnected for instance 'zynq_ultra_ps_e_0' [/home/sergi/Desktop/zynq_esencial/lab06/lab06_vivado/lab06_vivado.gen/sources_1/bd/lab03_vivado_bd/synth/lab03_vivado_bd.v:18]
WARNING: [Synth 8-7071] port 'maxigp1_awuser' of module 'lab03_vivado_bd_zynq_ultra_ps_e_0_0' is unconnected for instance 'zynq_ultra_ps_e_0' [/home/sergi/Desktop/zynq_esencial/lab06/lab06_vivado/lab06_vivado.gen/sources_1/bd/lab03_vivado_bd/synth/lab03_vivado_bd.v:18]
WARNING: [Synth 8-7071] port 'maxigp1_wdata' of module 'lab03_vivado_bd_zynq_ultra_ps_e_0_0' is unconnected for instance 'zynq_ultra_ps_e_0' [/home/sergi/Desktop/zynq_esencial/lab06/lab06_vivado/lab06_vivado.gen/sources_1/bd/lab03_vivado_bd/synth/lab03_vivado_bd.v:18]
WARNING: [Synth 8-7071] port 'maxigp1_wstrb' of module 'lab03_vivado_bd_zynq_ultra_ps_e_0_0' is unconnected for instance 'zynq_ultra_ps_e_0' [/home/sergi/Desktop/zynq_esencial/lab06/lab06_vivado/lab06_vivado.gen/sources_1/bd/lab03_vivado_bd/synth/lab03_vivado_bd.v:18]
WARNING: [Synth 8-7071] port 'maxigp1_wlast' of module 'lab03_vivado_bd_zynq_ultra_ps_e_0_0' is unconnected for instance 'zynq_ultra_ps_e_0' [/home/sergi/Desktop/zynq_esencial/lab06/lab06_vivado/lab06_vivado.gen/sources_1/bd/lab03_vivado_bd/synth/lab03_vivado_bd.v:18]
WARNING: [Synth 8-7071] port 'maxigp1_wvalid' of module 'lab03_vivado_bd_zynq_ultra_ps_e_0_0' is unconnected for instance 'zynq_ultra_ps_e_0' [/home/sergi/Desktop/zynq_esencial/lab06/lab06_vivado/lab06_vivado.gen/sources_1/bd/lab03_vivado_bd/synth/lab03_vivado_bd.v:18]
WARNING: [Synth 8-7071] port 'maxigp1_bready' of module 'lab03_vivado_bd_zynq_ultra_ps_e_0_0' is unconnected for instance 'zynq_ultra_ps_e_0' [/home/sergi/Desktop/zynq_esencial/lab06/lab06_vivado/lab06_vivado.gen/sources_1/bd/lab03_vivado_bd/synth/lab03_vivado_bd.v:18]
WARNING: [Synth 8-7071] port 'maxigp1_arid' of module 'lab03_vivado_bd_zynq_ultra_ps_e_0_0' is unconnected for instance 'zynq_ultra_ps_e_0' [/home/sergi/Desktop/zynq_esencial/lab06/lab06_vivado/lab06_vivado.gen/sources_1/bd/lab03_vivado_bd/synth/lab03_vivado_bd.v:18]
WARNING: [Synth 8-7071] port 'maxigp1_araddr' of module 'lab03_vivado_bd_zynq_ultra_ps_e_0_0' is unconnected for instance 'zynq_ultra_ps_e_0' [/home/sergi/Desktop/zynq_esencial/lab06/lab06_vivado/lab06_vivado.gen/sources_1/bd/lab03_vivado_bd/synth/lab03_vivado_bd.v:18]
WARNING: [Synth 8-7071] port 'maxigp1_arlen' of module 'lab03_vivado_bd_zynq_ultra_ps_e_0_0' is unconnected for instance 'zynq_ultra_ps_e_0' [/home/sergi/Desktop/zynq_esencial/lab06/lab06_vivado/lab06_vivado.gen/sources_1/bd/lab03_vivado_bd/synth/lab03_vivado_bd.v:18]
WARNING: [Synth 8-7071] port 'maxigp1_arsize' of module 'lab03_vivado_bd_zynq_ultra_ps_e_0_0' is unconnected for instance 'zynq_ultra_ps_e_0' [/home/sergi/Desktop/zynq_esencial/lab06/lab06_vivado/lab06_vivado.gen/sources_1/bd/lab03_vivado_bd/synth/lab03_vivado_bd.v:18]
WARNING: [Synth 8-7071] port 'maxigp1_arburst' of module 'lab03_vivado_bd_zynq_ultra_ps_e_0_0' is unconnected for instance 'zynq_ultra_ps_e_0' [/home/sergi/Desktop/zynq_esencial/lab06/lab06_vivado/lab06_vivado.gen/sources_1/bd/lab03_vivado_bd/synth/lab03_vivado_bd.v:18]
WARNING: [Synth 8-7071] port 'maxigp1_arlock' of module 'lab03_vivado_bd_zynq_ultra_ps_e_0_0' is unconnected for instance 'zynq_ultra_ps_e_0' [/home/sergi/Desktop/zynq_esencial/lab06/lab06_vivado/lab06_vivado.gen/sources_1/bd/lab03_vivado_bd/synth/lab03_vivado_bd.v:18]
WARNING: [Synth 8-7071] port 'maxigp1_arcache' of module 'lab03_vivado_bd_zynq_ultra_ps_e_0_0' is unconnected for instance 'zynq_ultra_ps_e_0' [/home/sergi/Desktop/zynq_esencial/lab06/lab06_vivado/lab06_vivado.gen/sources_1/bd/lab03_vivado_bd/synth/lab03_vivado_bd.v:18]
WARNING: [Synth 8-7071] port 'maxigp1_arprot' of module 'lab03_vivado_bd_zynq_ultra_ps_e_0_0' is unconnected for instance 'zynq_ultra_ps_e_0' [/home/sergi/Desktop/zynq_esencial/lab06/lab06_vivado/lab06_vivado.gen/sources_1/bd/lab03_vivado_bd/synth/lab03_vivado_bd.v:18]
WARNING: [Synth 8-7071] port 'maxigp1_arvalid' of module 'lab03_vivado_bd_zynq_ultra_ps_e_0_0' is unconnected for instance 'zynq_ultra_ps_e_0' [/home/sergi/Desktop/zynq_esencial/lab06/lab06_vivado/lab06_vivado.gen/sources_1/bd/lab03_vivado_bd/synth/lab03_vivado_bd.v:18]
WARNING: [Synth 8-7071] port 'maxigp1_aruser' of module 'lab03_vivado_bd_zynq_ultra_ps_e_0_0' is unconnected for instance 'zynq_ultra_ps_e_0' [/home/sergi/Desktop/zynq_esencial/lab06/lab06_vivado/lab06_vivado.gen/sources_1/bd/lab03_vivado_bd/synth/lab03_vivado_bd.v:18]
WARNING: [Synth 8-7071] port 'maxigp1_rready' of module 'lab03_vivado_bd_zynq_ultra_ps_e_0_0' is unconnected for instance 'zynq_ultra_ps_e_0' [/home/sergi/Desktop/zynq_esencial/lab06/lab06_vivado/lab06_vivado.gen/sources_1/bd/lab03_vivado_bd/synth/lab03_vivado_bd.v:18]
WARNING: [Synth 8-7071] port 'maxigp1_awqos' of module 'lab03_vivado_bd_zynq_ultra_ps_e_0_0' is unconnected for instance 'zynq_ultra_ps_e_0' [/home/sergi/Desktop/zynq_esencial/lab06/lab06_vivado/lab06_vivado.gen/sources_1/bd/lab03_vivado_bd/synth/lab03_vivado_bd.v:18]
WARNING: [Synth 8-7071] port 'maxigp1_arqos' of module 'lab03_vivado_bd_zynq_ultra_ps_e_0_0' is unconnected for instance 'zynq_ultra_ps_e_0' [/home/sergi/Desktop/zynq_esencial/lab06/lab06_vivado/lab06_vivado.gen/sources_1/bd/lab03_vivado_bd/synth/lab03_vivado_bd.v:18]
WARNING: [Synth 8-7071] port 'emio_gpio_o' of module 'lab03_vivado_bd_zynq_ultra_ps_e_0_0' is unconnected for instance 'zynq_ultra_ps_e_0' [/home/sergi/Desktop/zynq_esencial/lab06/lab06_vivado/lab06_vivado.gen/sources_1/bd/lab03_vivado_bd/synth/lab03_vivado_bd.v:18]
WARNING: [Synth 8-7071] port 'emio_gpio_t' of module 'lab03_vivado_bd_zynq_ultra_ps_e_0_0' is unconnected for instance 'zynq_ultra_ps_e_0' [/home/sergi/Desktop/zynq_esencial/lab06/lab06_vivado/lab06_vivado.gen/sources_1/bd/lab03_vivado_bd/synth/lab03_vivado_bd.v:18]
WARNING: [Synth 8-7071] port 'pl_resetn0' of module 'lab03_vivado_bd_zynq_ultra_ps_e_0_0' is unconnected for instance 'zynq_ultra_ps_e_0' [/home/sergi/Desktop/zynq_esencial/lab06/lab06_vivado/lab06_vivado.gen/sources_1/bd/lab03_vivado_bd/synth/lab03_vivado_bd.v:18]
WARNING: [Synth 8-7023] instance 'zynq_ultra_ps_e_0' of module 'lab03_vivado_bd_zynq_ultra_ps_e_0_0' has 86 connections declared, but only 27 given [/home/sergi/Desktop/zynq_esencial/lab06/lab06_vivado/lab06_vivado.gen/sources_1/bd/lab03_vivado_bd/synth/lab03_vivado_bd.v:18]
INFO: [Synth 8-6155] done synthesizing module 'lab03_vivado_bd' (0#1) [/home/sergi/Desktop/zynq_esencial/lab06/lab06_vivado/lab06_vivado.gen/sources_1/bd/lab03_vivado_bd/synth/lab03_vivado_bd.v:12]
INFO: [Synth 8-6155] done synthesizing module 'lab03_vivado_bd_wrapper' (0#1) [/home/sergi/Desktop/zynq_esencial/lab06/lab06_vivado/lab06_vivado.srcs/sources_1/imports/lab03_vivado_bd_wrapper.v:12]
---------------------------------------------------------------------------------
Finished RTL Elaboration : Time (s): cpu = 00:00:02 ; elapsed = 00:00:03 . Memory (MB): peak = 2629.059 ; gain = 388.770 ; free physical = 8653 ; free virtual = 24761
Synthesis current peak Physical Memory [PSS] (MB): peak = 1981.315; parent = 1778.466; children = 202.850
Synthesis current peak Virtual Memory [VSS] (MB): peak = 3602.113; parent = 2629.062; children = 973.051
---------------------------------------------------------------------------------
---------------------------------------------------------------------------------
Start Handling Custom Attributes
---------------------------------------------------------------------------------
---------------------------------------------------------------------------------
Finished Handling Custom Attributes : Time (s): cpu = 00:00:02 ; elapsed = 00:00:03 . Memory (MB): peak = 2643.902 ; gain = 403.613 ; free physical = 8653 ; free virtual = 24761
Synthesis current peak Physical Memory [PSS] (MB): peak = 1981.315; parent = 1778.466; children = 202.850
Synthesis current peak Virtual Memory [VSS] (MB): peak = 3616.957; parent = 2643.906; children = 973.051
---------------------------------------------------------------------------------
---------------------------------------------------------------------------------
Finished RTL Optimization Phase 1 : Time (s): cpu = 00:00:02 ; elapsed = 00:00:03 . Memory (MB): peak = 2643.902 ; gain = 403.613 ; free physical = 8653 ; free virtual = 24761
Synthesis current peak Physical Memory [PSS] (MB): peak = 1981.315; parent = 1778.466; children = 202.850
Synthesis current peak Virtual Memory [VSS] (MB): peak = 3616.957; parent = 2643.906; children = 973.051
---------------------------------------------------------------------------------
Netlist sorting complete. Time (s): cpu = 00:00:00.01 ; elapsed = 00:00:00 . Memory (MB): peak = 2643.902 ; gain = 0.000 ; free physical = 8653 ; free virtual = 24761
INFO: [Project 1-570] Preparing netlist for logic optimization

Processing XDC Constraints
Initializing timing engine
Parsing XDC File [/home/sergi/Desktop/zynq_esencial/lab06/lab06_vivado/lab06_vivado.gen/sources_1/bd/lab03_vivado_bd/ip/lab03_vivado_bd_zynq_ultra_ps_e_0_0/lab03_vivado_bd_zynq_ultra_ps_e_0_0/lab03_vivado_bd_zynq_ultra_ps_e_0_0_in_context.xdc] for cell 'lab03_vivado_bd_i/zynq_ultra_ps_e_0'
Finished Parsing XDC File [/home/sergi/Desktop/zynq_esencial/lab06/lab06_vivado/lab06_vivado.gen/sources_1/bd/lab03_vivado_bd/ip/lab03_vivado_bd_zynq_ultra_ps_e_0_0/lab03_vivado_bd_zynq_ultra_ps_e_0_0/lab03_vivado_bd_zynq_ultra_ps_e_0_0_in_context.xdc] for cell 'lab03_vivado_bd_i/zynq_ultra_ps_e_0'
Parsing XDC File [/home/sergi/Desktop/zynq_esencial/lab06/lab06_vivado/lab06_vivado.runs/synth_1/dont_touch.xdc]
Finished Parsing XDC File [/home/sergi/Desktop/zynq_esencial/lab06/lab06_vivado/lab06_vivado.runs/synth_1/dont_touch.xdc]
Completed Processing XDC Constraints

Netlist sorting complete. Time (s): cpu = 00:00:00 ; elapsed = 00:00:00 . Memory (MB): peak = 2732.684 ; gain = 0.000 ; free physical = 8647 ; free virtual = 24755
INFO: [Project 1-111] Unisim Transformation Summary:
No Unisim elements were transformed.

Constraint Validation Runtime : Time (s): cpu = 00:00:00 ; elapsed = 00:00:00 . Memory (MB): peak = 2732.684 ; gain = 0.000 ; free physical = 8647 ; free virtual = 24755
INFO: [Designutils 20-5440] No compile time benefit to using incremental synthesis; A full resynthesis will be run
INFO: [Designutils 20-4379] Flow is switching to default flow due to incremental criteria not met. If you would like to alter this behaviour and have the flow terminate instead, please set the following parameter config_implementation {autoIncr.Synth.RejectBehavior Terminate}
INFO: [Synth 8-11241] undeclared symbol 'REGCCE', assumed default net type 'wire' [/tools/Xilinx/Vivado/2022.2/data/verilog/src/unimacro/BRAM_SINGLE_MACRO.v:2170]
---------------------------------------------------------------------------------
Finished Constraint Validation : Time (s): cpu = 00:00:07 ; elapsed = 00:00:08 . Memory (MB): peak = 2732.684 ; gain = 492.395 ; free physical = 8630 ; free virtual = 24738
Synthesis current peak Physical Memory [PSS] (MB): peak = 1981.315; parent = 1778.466; children = 202.850
Synthesis current peak Virtual Memory [VSS] (MB): peak = 3673.723; parent = 2700.672; children = 973.051
---------------------------------------------------------------------------------
---------------------------------------------------------------------------------
Start Loading Part and Timing Information
---------------------------------------------------------------------------------
Loading part: xczu48dr-ffvg1517-2-e
INFO: [Synth 8-6742] Reading net delay rules and data
---------------------------------------------------------------------------------
Finished Loading Part and Timing Information : Time (s): cpu = 00:00:07 ; elapsed = 00:00:08 . Memory (MB): peak = 2732.684 ; gain = 492.395 ; free physical = 8630 ; free virtual = 24738
Synthesis current peak Physical Memory [PSS] (MB): peak = 1981.315; parent = 1778.466; children = 202.850
Synthesis current peak Virtual Memory [VSS] (MB): peak = 3673.723; parent = 2700.672; children = 973.051
---------------------------------------------------------------------------------
---------------------------------------------------------------------------------
Start Applying 'set_property' XDC Constraints
---------------------------------------------------------------------------------
Applied set_property KEEP_HIERARCHY = SOFT for lab03_vivado_bd_i. (constraint file  auto generated constraint).
Applied set_property KEEP_HIERARCHY = SOFT for lab03_vivado_bd_i/zynq_ultra_ps_e_0. (constraint file  auto generated constraint).
---------------------------------------------------------------------------------
Finished applying 'set_property' XDC Constraints : Time (s): cpu = 00:00:07 ; elapsed = 00:00:08 . Memory (MB): peak = 2732.684 ; gain = 492.395 ; free physical = 8630 ; free virtual = 24738
Synthesis current peak Physical Memory [PSS] (MB): peak = 1981.315; parent = 1778.466; children = 202.850
Synthesis current peak Virtual Memory [VSS] (MB): peak = 3673.723; parent = 2700.672; children = 973.051
---------------------------------------------------------------------------------
---------------------------------------------------------------------------------
Finished RTL Optimization Phase 2 : Time (s): cpu = 00:00:07 ; elapsed = 00:00:08 . Memory (MB): peak = 2732.684 ; gain = 492.395 ; free physical = 8630 ; free virtual = 24739
Synthesis current peak Physical Memory [PSS] (MB): peak = 1981.315; parent = 1778.466; children = 202.850
Synthesis current peak Virtual Memory [VSS] (MB): peak = 3673.723; parent = 2700.672; children = 973.051
---------------------------------------------------------------------------------
---------------------------------------------------------------------------------
Start RTL Component Statistics 
---------------------------------------------------------------------------------
Detailed RTL Component Info : 
---------------------------------------------------------------------------------
Finished RTL Component Statistics 
---------------------------------------------------------------------------------
---------------------------------------------------------------------------------
Start Part Resource Summary
---------------------------------------------------------------------------------
Part Resources:
DSPs: 4272 (col length:192)
BRAMs: 2160 (col length: RAMB18 192 RAMB36 96)
---------------------------------------------------------------------------------
Finished Part Resource Summary
---------------------------------------------------------------------------------
---------------------------------------------------------------------------------
Start Cross Boundary and Area Optimization
---------------------------------------------------------------------------------
WARNING: [Synth 8-7080] Parallel synthesis criteria is not met
---------------------------------------------------------------------------------
Finished Cross Boundary and Area Optimization : Time (s): cpu = 00:00:08 ; elapsed = 00:00:08 . Memory (MB): peak = 2732.684 ; gain = 492.395 ; free physical = 8641 ; free virtual = 24753
Synthesis current peak Physical Memory [PSS] (MB): peak = 1981.315; parent = 1778.466; children = 202.850
Synthesis current peak Virtual Memory [VSS] (MB): peak = 3673.723; parent = 2700.672; children = 973.051
---------------------------------------------------------------------------------
---------------------------------------------------------------------------------
Start Applying XDC Timing Constraints
---------------------------------------------------------------------------------
---------------------------------------------------------------------------------
Finished Applying XDC Timing Constraints : Time (s): cpu = 00:00:13 ; elapsed = 00:00:14 . Memory (MB): peak = 3082.691 ; gain = 842.402 ; free physical = 8360 ; free virtual = 24472
Synthesis current peak Physical Memory [PSS] (MB): peak = 2458.608; parent = 2255.790; children = 202.850
Synthesis current peak Virtual Memory [VSS] (MB): peak = 4055.746; parent = 3082.695; children = 973.051
---------------------------------------------------------------------------------
---------------------------------------------------------------------------------
Start Timing Optimization
---------------------------------------------------------------------------------
---------------------------------------------------------------------------------
Finished Timing Optimization : Time (s): cpu = 00:00:13 ; elapsed = 00:00:14 . Memory (MB): peak = 3082.691 ; gain = 842.402 ; free physical = 8359 ; free virtual = 24471
Synthesis current peak Physical Memory [PSS] (MB): peak = 2458.737; parent = 2255.919; children = 202.850
Synthesis current peak Virtual Memory [VSS] (MB): peak = 4055.746; parent = 3082.695; children = 973.051
---------------------------------------------------------------------------------
---------------------------------------------------------------------------------
Start Technology Mapping
---------------------------------------------------------------------------------
---------------------------------------------------------------------------------
Finished Technology Mapping : Time (s): cpu = 00:00:13 ; elapsed = 00:00:14 . Memory (MB): peak = 3101.723 ; gain = 861.434 ; free physical = 8336 ; free virtual = 24448
Synthesis current peak Physical Memory [PSS] (MB): peak = 2459.269; parent = 2256.450; children = 202.850
Synthesis current peak Virtual Memory [VSS] (MB): peak = 4074.777; parent = 3101.727; children = 973.051
---------------------------------------------------------------------------------
---------------------------------------------------------------------------------
Start IO Insertion
---------------------------------------------------------------------------------
---------------------------------------------------------------------------------
Start Flattening Before IO Insertion
---------------------------------------------------------------------------------
---------------------------------------------------------------------------------
Finished Flattening Before IO Insertion
---------------------------------------------------------------------------------
---------------------------------------------------------------------------------
Start Final Netlist Cleanup
---------------------------------------------------------------------------------
---------------------------------------------------------------------------------
Finished Final Netlist Cleanup
---------------------------------------------------------------------------------
---------------------------------------------------------------------------------
Finished IO Insertion : Time (s): cpu = 00:00:14 ; elapsed = 00:00:15 . Memory (MB): peak = 3107.660 ; gain = 867.371 ; free physical = 8336 ; free virtual = 24448
Synthesis current peak Physical Memory [PSS] (MB): peak = 2459.503; parent = 2256.685; children = 202.850
Synthesis current peak Virtual Memory [VSS] (MB): peak = 4080.715; parent = 3107.664; children = 973.051
---------------------------------------------------------------------------------
---------------------------------------------------------------------------------
Start Renaming Generated Instances
---------------------------------------------------------------------------------
---------------------------------------------------------------------------------
Finished Renaming Generated Instances : Time (s): cpu = 00:00:14 ; elapsed = 00:00:15 . Memory (MB): peak = 3107.660 ; gain = 867.371 ; free physical = 8337 ; free virtual = 24449
Synthesis current peak Physical Memory [PSS] (MB): peak = 2459.519; parent = 2256.700; children = 202.850
Synthesis current peak Virtual Memory [VSS] (MB): peak = 4080.715; parent = 3107.664; children = 973.051
---------------------------------------------------------------------------------
---------------------------------------------------------------------------------
Start Rebuilding User Hierarchy
---------------------------------------------------------------------------------
---------------------------------------------------------------------------------
Finished Rebuilding User Hierarchy : Time (s): cpu = 00:00:14 ; elapsed = 00:00:15 . Memory (MB): peak = 3107.660 ; gain = 867.371 ; free physical = 8338 ; free virtual = 24450
Synthesis current peak Physical Memory [PSS] (MB): peak = 2459.534; parent = 2256.716; children = 202.850
Synthesis current peak Virtual Memory [VSS] (MB): peak = 4080.715; parent = 3107.664; children = 973.051
---------------------------------------------------------------------------------
---------------------------------------------------------------------------------
Start Renaming Generated Ports
---------------------------------------------------------------------------------
---------------------------------------------------------------------------------
Finished Renaming Generated Ports : Time (s): cpu = 00:00:14 ; elapsed = 00:00:15 . Memory (MB): peak = 3107.660 ; gain = 867.371 ; free physical = 8338 ; free virtual = 24450
Synthesis current peak Physical Memory [PSS] (MB): peak = 2459.612; parent = 2256.794; children = 202.850
Synthesis current peak Virtual Memory [VSS] (MB): peak = 4080.715; parent = 3107.664; children = 973.051
---------------------------------------------------------------------------------
---------------------------------------------------------------------------------
Start Handling Custom Attributes
---------------------------------------------------------------------------------
---------------------------------------------------------------------------------
Finished Handling Custom Attributes : Time (s): cpu = 00:00:14 ; elapsed = 00:00:15 . Memory (MB): peak = 3107.660 ; gain = 867.371 ; free physical = 8338 ; free virtual = 24450
Synthesis current peak Physical Memory [PSS] (MB): peak = 2459.612; parent = 2256.794; children = 202.850
Synthesis current peak Virtual Memory [VSS] (MB): peak = 4080.715; parent = 3107.664; children = 973.051
---------------------------------------------------------------------------------
---------------------------------------------------------------------------------
Start Renaming Generated Nets
---------------------------------------------------------------------------------
---------------------------------------------------------------------------------
Finished Renaming Generated Nets : Time (s): cpu = 00:00:14 ; elapsed = 00:00:15 . Memory (MB): peak = 3107.660 ; gain = 867.371 ; free physical = 8338 ; free virtual = 24450
Synthesis current peak Physical Memory [PSS] (MB): peak = 2459.628; parent = 2256.810; children = 202.850
Synthesis current peak Virtual Memory [VSS] (MB): peak = 4080.715; parent = 3107.664; children = 973.051
---------------------------------------------------------------------------------
---------------------------------------------------------------------------------
Start Writing Synthesis Report
---------------------------------------------------------------------------------

Report BlackBoxes: 
+------+------------------------------------+----------+
|      |BlackBox name                       |Instances |
+------+------------------------------------+----------+
|1     |lab03_vivado_bd_zynq_ultra_ps_e_0_0 |         1|
+------+------------------------------------+----------+

Report Cell Usage: 
+------+----------------------------------+------+
|      |Cell                              |Count |
+------+----------------------------------+------+
|1     |lab03_vivado_bd_zynq_ultra_ps_e_0 |     1|
+------+----------------------------------+------+
---------------------------------------------------------------------------------
Finished Writing Synthesis Report : Time (s): cpu = 00:00:14 ; elapsed = 00:00:15 . Memory (MB): peak = 3107.660 ; gain = 867.371 ; free physical = 8338 ; free virtual = 24450
Synthesis current peak Physical Memory [PSS] (MB): peak = 2459.659; parent = 2256.841; children = 202.850
Synthesis current peak Virtual Memory [VSS] (MB): peak = 4080.715; parent = 3107.664; children = 973.051
---------------------------------------------------------------------------------
Synthesis finished with 0 errors, 0 critical warnings and 1 warnings.
Synthesis Optimization Runtime : Time (s): cpu = 00:00:11 ; elapsed = 00:00:12 . Memory (MB): peak = 3107.660 ; gain = 778.590 ; free physical = 8362 ; free virtual = 24474
Synthesis Optimization Complete : Time (s): cpu = 00:00:14 ; elapsed = 00:00:15 . Memory (MB): peak = 3107.668 ; gain = 867.371 ; free physical = 8362 ; free virtual = 24474
INFO: [Project 1-571] Translating synthesized netlist
Netlist sorting complete. Time (s): cpu = 00:00:00 ; elapsed = 00:00:00 . Memory (MB): peak = 3107.668 ; gain = 0.000 ; free physical = 8362 ; free virtual = 24474
INFO: [Project 1-570] Preparing netlist for logic optimization
INFO: [Opt 31-138] Pushed 0 inverter(s) to 0 load pin(s).
Netlist sorting complete. Time (s): cpu = 00:00:00 ; elapsed = 00:00:00 . Memory (MB): peak = 3156.254 ; gain = 0.000 ; free physical = 8400 ; free virtual = 24512
INFO: [Project 1-111] Unisim Transformation Summary:
No Unisim elements were transformed.

Synth Design complete, checksum: e6662852
INFO: [Common 17-83] Releasing license: Synthesis
30 Infos, 61 Warnings, 0 Critical Warnings and 0 Errors encountered.
synth_design completed successfully
synth_design: Time (s): cpu = 00:00:19 ; elapsed = 00:00:19 . Memory (MB): peak = 3170.191 ; gain = 1871.070 ; free physical = 8425 ; free virtual = 24537
INFO: [Common 17-1381] The checkpoint '/home/sergi/Desktop/zynq_esencial/lab06/lab06_vivado/lab06_vivado.runs/synth_1/lab03_vivado_bd_wrapper.dcp' has been generated.
INFO: [runtcl-4] Executing : report_utilization -file lab03_vivado_bd_wrapper_utilization_synth.rpt -pb lab03_vivado_bd_wrapper_utilization_synth.pb
INFO: [Common 17-206] Exiting Vivado at Mon Jul 14 15:44:53 2025...
