16:27:01 DEBUG : Logs will be stored at '/home/sergi/Desktop/zynq_esencial/lab06/lab06_vitis/IDE.log'.
16:27:02 INFO  : Launching XSCT server: xsct -n  -interactive /home/sergi/Desktop/zynq_esencial/lab06/lab06_vitis/temp_xsdb_launch_script.tcl
16:27:02 INFO  : Platform repository initialization has completed.
16:27:02 INFO  : Registering command handlers for Vitis TCF services
16:27:03 INFO  : XSCT server has started successfully.
16:27:03 INFO  : Successfully done setting XSCT server connection channel  
16:27:03 INFO  : Successfully done query RDI_DATADIR 
16:27:03 INFO  : Successfully done setting workspace for the tool. 
16:27:04 INFO  : plnx-install-location is set to ''
16:28:54 INFO  : Result from executing command 'getProjects': lab06_platform
16:28:54 INFO  : Result from executing command 'getPlatforms': 
16:29:36 INFO  : Result from executing command 'getProjects': lab06_platform
16:29:36 INFO  : Result from executing command 'getPlatforms': lab06_platform|/home/sergi/Desktop/zynq_esencial/lab06/lab06_vitis/lab06_platform/export/lab06_platform/lab06_platform.xpfm
16:59:20 INFO  : Checking for BSP changes to sync application flags for project 'led_blinker'...
16:59:22 ERROR : (XSDB Server)readelf: Error: '/home/sergi/Desktop/zynq_esencial/lab06/lab06_vitis/lab06_platform/export/lab06_platform/sw/fsbl.elf': No such file

17:22:44 INFO  : Checking for BSP changes to sync application flags for project 'led_blinker'...
17:22:46 ERROR : (XSDB Server)readelf: Error: '/home/sergi/Desktop/zynq_esencial/lab06/lab06_vitis/lab06_platform/export/lab06_platform/sw/fsbl.elf': No such file

17:26:31 INFO  : Connected to target on host '127.0.0.1' and port '3121'.
17:26:31 INFO  : Jtag cable 'Digilent JTAG-HS3 210299B93AA5' is selected.
17:26:31 INFO  : 'jtag frequency' command is executed.
17:26:31 INFO  : Sourcing of '/tools/Xilinx/Vitis/2022.2/scripts/vitis/util/zynqmp_utils.tcl' is done.
17:26:31 INFO  : Context for 'APU' is selected.
17:26:32 INFO  : System reset is completed.
17:26:35 INFO  : 'after 3000' command is executed.
17:26:35 INFO  : 'targets -set -filter {jtag_cable_name =~ "Digilent JTAG-HS3 210299B93AA5" && level==0 && jtag_device_ctx=="jsn-JTAG-HS3-210299B93AA5-147fb093-0"}' command is executed.
17:26:54 INFO  : Device configured successfully with "/home/sergi/Desktop/zynq_esencial/lab06/lab06_vitis/led_blinker/_ide/bitstream/lab03_vivado_bd_wrapper.bit"
17:26:54 INFO  : Context for 'APU' is selected.
17:26:54 INFO  : Hardware design and registers information is loaded from '/home/sergi/Desktop/zynq_esencial/lab06/lab06_vitis/lab06_platform/export/lab06_platform/hw/lab03_vivado_bd_wrapper.xsa'.
17:26:54 INFO  : 'configparams force-mem-access 1' command is executed.
17:26:54 INFO  : Context for 'APU' is selected.
17:26:54 INFO  : Boot mode is read from the target.
17:26:54 INFO  : Context for processor 'psu_cortexa53_0' is selected.
17:26:54 INFO  : Processor reset is completed for 'psu_cortexa53_0'.
17:26:55 INFO  : The application '/home/sergi/Desktop/zynq_esencial/lab06/lab06_vitis/lab06_platform/export/lab06_platform/sw/lab06_platform/boot/fsbl.elf' is downloaded to processor 'psu_cortexa53_0'.
17:26:55 INFO  : 'set bp_26_55_fsbl_bp [bpadd -addr &XFsbl_Exit]' command is executed.
17:26:57 INFO  : 'con -block -timeout 60' command is executed.
17:26:57 INFO  : 'bpremove $bp_26_55_fsbl_bp' command is executed.
17:26:57 INFO  : Context for processor 'psu_cortexa53_0' is selected.
17:26:57 INFO  : Processor reset is completed for 'psu_cortexa53_0'.
17:26:57 INFO  : The application '/home/sergi/Desktop/zynq_esencial/lab06/lab06_vitis/led_blinker/Debug/led_blinker.elf' is downloaded to processor 'psu_cortexa53_0'.
17:26:57 INFO  : 'configparams force-mem-access 0' command is executed.
17:26:57 INFO  : ----------------XSDB Script----------------
connect -url tcp:127.0.0.1:3121
source /tools/Xilinx/Vitis/2022.2/scripts/vitis/util/zynqmp_utils.tcl
targets -set -nocase -filter {name =~"APU*"}
rst -system
after 3000
targets -set -filter {jtag_cable_name =~ "Digilent JTAG-HS3 210299B93AA5" && level==0 && jtag_device_ctx=="jsn-JTAG-HS3-210299B93AA5-147fb093-0"}
fpga -file /home/sergi/Desktop/zynq_esencial/lab06/lab06_vitis/led_blinker/_ide/bitstream/lab03_vivado_bd_wrapper.bit
targets -set -nocase -filter {name =~"APU*"}
loadhw -hw /home/sergi/Desktop/zynq_esencial/lab06/lab06_vitis/lab06_platform/export/lab06_platform/hw/lab03_vivado_bd_wrapper.xsa -mem-ranges [list {0x80000000 0xbfffffff} {0x400000000 0x5ffffffff} {0x1000000000 0x7fffffffff}] -regs
configparams force-mem-access 1
targets -set -nocase -filter {name =~"APU*"}
set mode [expr [mrd -value 0xFF5E0200] & 0xf]
targets -set -nocase -filter {name =~ "*A53*#0"}
rst -processor
dow /home/sergi/Desktop/zynq_esencial/lab06/lab06_vitis/lab06_platform/export/lab06_platform/sw/lab06_platform/boot/fsbl.elf
set bp_26_55_fsbl_bp [bpadd -addr &XFsbl_Exit]
con -block -timeout 60
bpremove $bp_26_55_fsbl_bp
targets -set -nocase -filter {name =~ "*A53*#0"}
rst -processor
dow /home/sergi/Desktop/zynq_esencial/lab06/lab06_vitis/led_blinker/Debug/led_blinker.elf
configparams force-mem-access 0
----------------End of Script----------------

17:26:57 INFO  : Context for processor 'psu_cortexa53_0' is selected.
17:26:57 INFO  : 'con' command is executed.
17:26:57 INFO  : ----------------XSDB Script (After Launch)----------------
targets -set -nocase -filter {name =~ "*A53*#0"}
con
----------------End of Script----------------

17:26:57 INFO  : Launch script is exported to file '/home/sergi/Desktop/zynq_esencial/lab06/lab06_vitis/led_blinker_system/_ide/scripts/debugger_led_blinker-default.tcl'
17:31:58 INFO  : Checking for BSP changes to sync application flags for project 'led_blinker'...
17:32:00 ERROR : (XSDB Server)readelf: Error: '/home/sergi/Desktop/zynq_esencial/lab06/lab06_vitis/lab06_platform/export/lab06_platform/sw/fsbl.elf': No such file

